make -C "/home/user/heads/build/coreboot-4.13/w541-hotp-maximized" -C /home/user/heads/build/coreboot-4.13 obj=/home/user/heads/build/coreboot-4.13/w541-hotp-maximized CROSS=/home/user/heads/crossgcc/bin/i386-linux-musl- IASL=/home/user/heads/build/coreboot-4.13/util/crossgcc/xgcc/bin/iasl DOTCONFIG=/home/user/heads/build/coreboot-4.13/w541-hotp-maximized/.config BUILD_TIMELESS=1 CFLAGS_x86_32=-fdebug-prefix-map=/home/user/heads=heads -gno-record-gcc-switches -Wno-error=packed-not-aligned CFLAGS_x86_64=-fdebug-prefix-map=/home/user/heads=heads -gno-record-gcc-switches -Wno-error=packed-not-aligned -j4 --max-load 16
make[1]: Entering directory '/home/user/heads/build/coreboot-4.13'
fatal: No names found, cannot describe anything.
Updating git submodules.
    CREATE     w541-hotp-maximized/mainboard/lenovo/w541/cbfs-file.MrD0pr.out (from src/mainboard/lenovo/w541/cmos.default)
    CREATE     w541-hotp-maximized/mainboard/lenovo/w541/cbfs-file.VO6ATN.out (from /home/user/heads/build/coreboot-4.13/w541-hotp-maximized/.config)
    MICROCODE  cpu_microcode_blob.bin
3rdparty/intel-microcode/intel-ucode/06-3c-03 3rdparty/intel-microcode/intel-ucode/06-45-01
#
# No change to /home/user/heads/build/coreboot-4.13/w541-hotp-maximized/.config
#
w541-hotp-maximized/auto.conf:1663:notice: override: reassigning to symbol LAPIC_ACCESS_MODE
    CC         romstage/acpi/acpi_pm.o
    CC         romstage/arch/x86/assembly_entry.o
    CC         romstage/arch/x86/boot.o
    CC         romstage/arch/x86/cf9_reset.o
    CC         romstage/arch/x86/cpu_common.o
    CC         romstage/arch/x86/gdt_init.o
    CC         romstage/arch/x86/memcpy.o
    CC         romstage/arch/x86/memmove.o
    CC         romstage/arch/x86/memset.o
    CC         romstage/arch/x86/mmap_boot.o
    CC         romstage/arch/x86/post.o
    CC         romstage/arch/x86/postcar_loader.o
    CC         romstage/arch/x86/romstage.o
    CC         romstage/arch/x86/timestamp.o
    CC         romstage/commonlib/bsd/cbfs_mcache.o
    CC         romstage/commonlib/bsd/cbfs_private.o
    CC         romstage/commonlib/bsd/elog.o
    CC         romstage/commonlib/bsd/lz4_wrapper.o
    CC         romstage/commonlib/iobuf.o
    CC         romstage/commonlib/mem_pool.o
    CC         romstage/commonlib/region.o
    CC         romstage/console/console.o
    CC         romstage/console/die.o
    CC         romstage/console/init.o
    CC         romstage/console/post.o
    CC         romstage/console/printk.o
    CC         romstage/console/vsprintf.o
    CC         romstage/console/vtxprintf.o
    CC         romstage/cpu/intel/car/romstage.o
    CC         romstage/cpu/intel/common/fsb.o
    CC         romstage/cpu/intel/haswell/romstage.o
    CC         romstage/cpu/intel/microcode/microcode.o
    CC         romstage/cpu/x86/lapic/boot_cpu.o
    CC         romstage/cpu/x86/lapic/lapic.o
    CC         romstage/cpu/x86/mtrr/debug.o
    CC         romstage/cpu/x86/mtrr/earlymtrr.o
    CC         romstage/cpu/x86/name/name.o
    CC         romstage/cpu/x86/pae/pgtbl.o
    CC         romstage/cpu/x86/smm/tseg_region.o
    CC         romstage/cpu/x86/tsc/delay_tsc.o
    CC         romstage/device/device_const.o
    CC         romstage/device/dram/ddr2.o
    CC         romstage/device/dram/ddr3.o
    CC         romstage/device/dram/ddr4.o
    CC         romstage/device/dram/ddr_common.o
    CC         romstage/device/dram/lpddr4.o
    CC         romstage/device/i2c.o
    CC         romstage/device/mmio.o
    CC         romstage/device/pci_early.o
    CC         romstage/device/pci_ops.o
    CC         romstage/drivers/mrc_cache/mrc_cache.o
    CC         romstage/drivers/pc80/pc/i8254.o
    CC         romstage/drivers/pc80/rtc/mc146818rtc.o
    CC         romstage/drivers/pc80/rtc/mc146818rtc_boot.o
    CC         romstage/drivers/pc80/rtc/option.o
    CC         romstage/drivers/pc80/tpm/tis.o
    CC         romstage/drivers/spi/adesto.o
    CC         romstage/drivers/spi/amic.o
    CC         romstage/drivers/spi/atmel.o
    CC         romstage/drivers/spi/bitbang.o
    CC         romstage/drivers/spi/eon.o
    CC         romstage/drivers/spi/gigadevice.o
    CC         romstage/drivers/spi/macronix.o
    CC         romstage/drivers/spi/spansion.o
    CC         romstage/drivers/spi/spi-generic.o
    CC         romstage/drivers/spi/spi_flash.o
    CC         romstage/drivers/spi/sst.o
    CC         romstage/drivers/spi/stmicro.o
    CC         romstage/drivers/spi/winbond.o
    CC         romstage/drivers/wifi/generic/generic.o
    CC         romstage/ec/acpi/ec.o
    CC         romstage/ec/lenovo/h8/panic.o
    CC         romstage/ec/lenovo/h8/sense.o
    CC         romstage/ec/lenovo/pmh7/pmh7.o
    CC         romstage/lib/boot_device.o
    CC         romstage/lib/bootmode.o
    CC         romstage/lib/cbfs.o
    CC         romstage/lib/cbmem_common.o
    CC         romstage/lib/cbmem_console.o
    CC         romstage/lib/compute_ip_checksum.o
    CC         romstage/lib/crc_byte.o
    CC         romstage/lib/delay.o
    CC         romstage/lib/dimm_info_util.o
    CC         romstage/lib/ext_stage_cache.o
    CC         romstage/lib/gcc.o
    CC         romstage/lib/halt.o
    CC         romstage/lib/hexdump.o
    CC         romstage/lib/imd.o
    CC         romstage/lib/imd_cbmem.o
    CC         romstage/lib/libgcc.o
    CC         romstage/lib/list.o
    CC         romstage/lib/lzma.o
    CC         romstage/lib/lzmadecode.o
    CC         romstage/lib/memchr.o
    CC         romstage/lib/memcmp.o
    CC         romstage/lib/memrange.o
    CC         romstage/lib/prog_loaders.o
    CC         romstage/lib/prog_ops.o
    CC         romstage/lib/ramtest.o
    CC         romstage/lib/region_file.o
    CC         romstage/lib/reset.o
    CC         romstage/lib/rmodule.o
    CC         romstage/lib/romstage_handoff.o
    CC         romstage/lib/rtc.o
    CC         romstage/lib/selfboot.o
    CC         romstage/lib/spd_bin.o
    CC         romstage/lib/stack.o
    CC         romstage/lib/string.o
    CC         romstage/lib/timestamp.o
    CC         romstage/lib/version.o
    CC         romstage/mainboard/lenovo/w541/gpio.o
    CC         romstage/mainboard/lenovo/w541/romstage.o
    CC         romstage/northbridge/intel/haswell/early_init.o
    CC         romstage/northbridge/intel/haswell/haswell_mrc/raminit.o
    CC         romstage/northbridge/intel/haswell/memmap.o
    CC         romstage/northbridge/intel/haswell/report_platform.o
    CC         romstage/northbridge/intel/haswell/romstage.o
    CC         romstage/security/memory/memory.o
    CC         romstage/security/tpm/tspi/crtm.o
    CC         romstage/security/tpm/tspi/log.o
    CC         romstage/security/tpm/tspi/tspi.o
    CC         romstage/security/tpm/tss/tcg-1.2/tss.o
    CC         romstage/security/vboot/vboot_lib.o
    CC         romstage/southbridge/intel/common/early_smbus.o
    CC         romstage/southbridge/intel/common/gpio.o
    CC         romstage/southbridge/intel/common/pmbase.o
    CC         romstage/southbridge/intel/common/pmclib.o
    CC         romstage/southbridge/intel/common/reset.o
    CC         romstage/southbridge/intel/common/rtc.o
    CC         romstage/southbridge/intel/common/smbus.o
    CC         romstage/southbridge/intel/common/spi.o
    CC         romstage/southbridge/intel/common/usb_debug.o
src/southbridge/intel/common/spi.c: In function 'spi_init':
src/southbridge/intel/common/spi.c:298:32: warning: taking address of packed member of 'struct ich7_spi_regs' may result in an unaligned pointer value [-Waddress-of-packed-member]
  298 |                 cntlr.optype = &ich7_spi->optype;
      |                                ^~~~~~~~~~~~~~~~~
src/southbridge/intel/common/spi.c:299:30: warning: taking address of packed member of 'struct ich7_spi_regs' may result in an unaligned pointer value [-Waddress-of-packed-member]
  299 |                 cntlr.addr = &ich7_spi->spia;
      |                              ^~~~~~~~~~~~~~~
src/southbridge/intel/common/spi.c:303:33: warning: taking address of packed member of 'struct ich7_spi_regs' may result in an unaligned pointer value [-Waddress-of-packed-member]
  303 |                 cntlr.control = &ich7_spi->spic;
      |                                 ^~~~~~~~~~~~~~~
src/southbridge/intel/common/spi.c:304:30: warning: taking address of packed member of 'struct ich7_spi_regs' may result in an unaligned pointer value [-Waddress-of-packed-member]
  304 |                 cntlr.bbar = &ich7_spi->bbar;
      |                              ^~~~~~~~~~~~~~~
src/southbridge/intel/common/spi.c:305:31: warning: taking address of packed member of 'struct ich7_spi_regs' may result in an unaligned pointer value [-Waddress-of-packed-member]
  305 |                 cntlr.preop = &ich7_spi->preop;
      |                               ^~~~~~~~~~~~~~~~
src/southbridge/intel/common/spi.c:306:29: warning: taking address of packed member of 'struct ich7_spi_regs' may result in an unaligned pointer value [-Waddress-of-packed-member]
  306 |                 cntlr.fpr = &ich7_spi->pbr[0];
      |                             ^~~~~~~~~~~~~~~~~
src/southbridge/intel/common/spi.c:315:32: warning: taking address of packed member of 'struct ich9_spi_regs' may result in an unaligned pointer value [-Waddress-of-packed-member]
  315 |                 cntlr.optype = &ich9_spi->optype;
      |                                ^~~~~~~~~~~~~~~~~
src/southbridge/intel/common/spi.c:316:30: warning: taking address of packed member of 'struct ich9_spi_regs' may result in an unaligned pointer value [-Waddress-of-packed-member]
  316 |                 cntlr.addr = &ich9_spi->faddr;
      |                              ^~~~~~~~~~~~~~~~
src/southbridge/intel/common/spi.c:321:30: warning: taking address of packed member of 'struct ich9_spi_regs' may result in an unaligned pointer value [-Waddress-of-packed-member]
  321 |                 cntlr.bbar = &ich9_spi->bbar;
      |                              ^~~~~~~~~~~~~~~
src/southbridge/intel/common/spi.c:322:31: warning: taking address of packed member of 'struct ich9_spi_regs' may result in an unaligned pointer value [-Waddress-of-packed-member]
  322 |                 cntlr.preop = &ich9_spi->preop;
      |                               ^~~~~~~~~~~~~~~~
src/southbridge/intel/common/spi.c:323:29: warning: taking address of packed member of 'struct ich9_spi_regs' may result in an unaligned pointer value [-Waddress-of-packed-member]
  323 |                 cntlr.fpr = &ich9_spi->pr[0];
      |                             ^~~~~~~~~~~~~~~~
    CC         romstage/southbridge/intel/lynxpoint/early_me.o
    CC         romstage/southbridge/intel/lynxpoint/early_pch.o
    CC         romstage/southbridge/intel/lynxpoint/early_usb.o
    CC         romstage/southbridge/intel/lynxpoint/me_status.o
    CC         romstage/southbridge/intel/lynxpoint/pmutil.o
    MAKE       
    CC         romstage/mainboard/lenovo/w541/static.o
building with libflashrom support
Package flashrom was not found in the pkg-config search path.
Perhaps you should add the directory containing `flashrom.pc'
to the PKG_CONFIG_PATH environment variable
No package 'flashrom' found
    CC         ramstage/superio/common/conf_mode.o
    CC         ramstage/southbridge/intel/lynxpoint/acpi.o
    CC         ramstage/southbridge/intel/lynxpoint/azalia.o
    CC         ramstage/southbridge/intel/lynxpoint/fadt.o
    CC         ramstage/southbridge/intel/lynxpoint/hda_verb.o
    CC         ramstage/southbridge/intel/lynxpoint/iobp.o
    CC         ramstage/southbridge/intel/lynxpoint/lpc.o
    CC         ramstage/southbridge/intel/lynxpoint/me.o
    CC         ramstage/southbridge/intel/lynxpoint/me_status.o
    CC         ramstage/southbridge/intel/lynxpoint/pch.o
    CC         ramstage/southbridge/intel/lynxpoint/pcie.o
    CC         ramstage/southbridge/intel/lynxpoint/pmutil.o
    CC         ramstage/southbridge/intel/lynxpoint/sata.o
    CC         ramstage/southbridge/intel/lynxpoint/smbus.o
    CC         ramstage/southbridge/intel/lynxpoint/smi.o
    CC         ramstage/southbridge/intel/lynxpoint/usb_ehci.o
    CC         ramstage/southbridge/intel/lynxpoint/usb_xhci.o
    CC         ramstage/southbridge/intel/common/acpi_pirq_gen.o
    CC         ramstage/southbridge/intel/common/gpio.o
    CC         ramstage/southbridge/intel/common/madt.o
    CC         ramstage/southbridge/intel/common/pmbase.o
    CC         ramstage/southbridge/intel/common/rcba_pirq.o
    CC         ramstage/southbridge/intel/common/reset.o
    CC         ramstage/southbridge/intel/common/rtc.o
    CC         ramstage/southbridge/intel/common/smbus.o
    CC         ramstage/southbridge/intel/common/smbus_ops.o
    CC         ramstage/southbridge/intel/common/spi.o
src/southbridge/intel/common/spi.c: In function 'spi_init':
src/southbridge/intel/common/spi.c:298:32: warning: taking address of packed member of 'struct ich7_spi_regs' may result in an unaligned pointer value [-Waddress-of-packed-member]
  298 |                 cntlr.optype = &ich7_spi->optype;
      |                                ^~~~~~~~~~~~~~~~~
src/southbridge/intel/common/spi.c:299:30: warning: taking address of packed member of 'struct ich7_spi_regs' may result in an unaligned pointer value [-Waddress-of-packed-member]
  299 |                 cntlr.addr = &ich7_spi->spia;
      |                              ^~~~~~~~~~~~~~~
src/southbridge/intel/common/spi.c:303:33: warning: taking address of packed member of 'struct ich7_spi_regs' may result in an unaligned pointer value [-Waddress-of-packed-member]
  303 |                 cntlr.control = &ich7_spi->spic;
      |                                 ^~~~~~~~~~~~~~~
src/southbridge/intel/common/spi.c:304:30: warning: taking address of packed member of 'struct ich7_spi_regs' may result in an unaligned pointer value [-Waddress-of-packed-member]
  304 |                 cntlr.bbar = &ich7_spi->bbar;
      |                              ^~~~~~~~~~~~~~~
src/southbridge/intel/common/spi.c:305:31: warning: taking address of packed member of 'struct ich7_spi_regs' may result in an unaligned pointer value [-Waddress-of-packed-member]
  305 |                 cntlr.preop = &ich7_spi->preop;
      |                               ^~~~~~~~~~~~~~~~
src/southbridge/intel/common/spi.c:306:29: warning: taking address of packed member of 'struct ich7_spi_regs' may result in an unaligned pointer value [-Waddress-of-packed-member]
  306 |                 cntlr.fpr = &ich7_spi->pbr[0];
      |                             ^~~~~~~~~~~~~~~~~
src/southbridge/intel/common/spi.c:315:32: warning: taking address of packed member of 'struct ich9_spi_regs' may result in an unaligned pointer value [-Waddress-of-packed-member]
  315 |                 cntlr.optype = &ich9_spi->optype;
      |                                ^~~~~~~~~~~~~~~~~
src/southbridge/intel/common/spi.c:316:30: warning: taking address of packed member of 'struct ich9_spi_regs' may result in an unaligned pointer value [-Waddress-of-packed-member]
  316 |                 cntlr.addr = &ich9_spi->faddr;
      |                              ^~~~~~~~~~~~~~~~
src/southbridge/intel/common/spi.c:321:30: warning: taking address of packed member of 'struct ich9_spi_regs' may result in an unaligned pointer value [-Waddress-of-packed-member]
  321 |                 cntlr.bbar = &ich9_spi->bbar;
      |                              ^~~~~~~~~~~~~~~
src/southbridge/intel/common/spi.c:322:31: warning: taking address of packed member of 'struct ich9_spi_regs' may result in an unaligned pointer value [-Waddress-of-packed-member]
  322 |                 cntlr.preop = &ich9_spi->preop;
      |                               ^~~~~~~~~~~~~~~~
src/southbridge/intel/common/spi.c:323:29: warning: taking address of packed member of 'struct ich9_spi_regs' may result in an unaligned pointer value [-Waddress-of-packed-member]
  323 |                 cntlr.fpr = &ich9_spi->pr[0];
      |                             ^~~~~~~~~~~~~~~~
    CC         ramstage/southbridge/intel/common/usb_debug.o
    CC         ramstage/southbridge/intel/common/watchdog.o
    CC         ramstage/security/vboot/vboot_lib.o
    CC         ramstage/security/tpm/tss/tcg-1.2/tss.o
    CC         ramstage/security/tpm/tspi/crtm.o
    CC         ramstage/security/tpm/tspi/log.o
    CC         ramstage/security/tpm/tspi/tspi.o
    CC         ramstage/security/memory/memory.o
    CC         ramstage/security/memory/memory_clear.o
    CC         ramstage/northbridge/intel/haswell/acpi.o
    CC         ramstage/northbridge/intel/haswell/gma.o
    CC         ramstage/northbridge/intel/haswell/memmap.o
    CC         ramstage/northbridge/intel/haswell/minihd.o
    CC         ramstage/northbridge/intel/haswell/northbridge.o
    CC         ramstage/northbridge/intel/haswell/pcie.o
    CC         ramstage/mainboard/lenovo/w541/acpi_tables.o
    GENERATE   libhwbase/common/hw-config.ads
    GENERATE   libgfxinit/common/hw-gfx-gma-config.ads
    CC         ramstage/mainboard/lenovo/w541/hda_verb.o
    CC         ramstage/mainboard/lenovo/w541/static.o
    GCC        ramstage/libhwbase/debug/hw-debug.o
    GCC        ramstage/libhwbase/common/direct/hw-pci-dev.o
    GCC        ramstage/libhwbase/common/hw-mmio_regs.o
    GCC        ramstage/libhwbase/common/hw-pci-mmconf.o
    GCC        ramstage/libhwbase/common/hw-pci.o
    GCC        ramstage/libhwbase/common/hw-port_io.o
    GCC        ramstage/libhwbase/common/hw-sub_regs.o
    GCC        ramstage/libhwbase/common/hw-time.o
    GCC        ramstage/libhwbase/common/hw.o
    GCC        ramstage/libhwbase/common/hw-config.o
    GCC        ramstage/libhwbase/ada/dynamic_mmio/hw-mmio_range.o
    GCC        ramstage/libgfxinit/common/haswell_shared/hw-gfx-gma-connectors-ddi.o
vboot SHA256 built with tight loops (slower, smaller code size)
Package libcrypto was not found in the pkg-config search path.
Perhaps you should add the directory containing `libcrypto.pc'
to the PKG_CONFIG_PATH environment variable
    GCC        ramstage/libgfxinit/common/haswell_shared/hw-gfx-gma-connectors.o
No package 'libcrypto' found
    GCC        ramstage/libgfxinit/common/haswell_shared/hw-gfx-gma-ddi_phy_stub.o
    GCC        ramstage/libgfxinit/common/haswell_shared/hw-gfx-gma-port_detect.o
    CC            firmware/2lib/2api.o
    GCC        ramstage/libgfxinit/common/haswell/hw-gfx-gma-connectors-ddi-buffers.o
    CC            firmware/2lib/2auxfw_sync.o
    CC            firmware/2lib/2common.o
    GCC        ramstage/libgfxinit/common/haswell/hw-gfx-gma-ddi_phy.o
    CC            firmware/2lib/2context.o
    CC            firmware/2lib/2crc8.o
    CC            firmware/2lib/2crypto.o
firmware/2lib/2context.c: In function 'vb2api_init':
firmware/2lib/2context.c:48:19: warning: taking address of packed member of 'struct vb2_shared_data' may result in an unaligned pointer value [-Waddress-of-packed-member]
   48 |         *ctxptr = &sd->ctx;
      |                   ^~~~~~~~
firmware/2lib/2context.c: In function 'vb2api_relocate':
firmware/2lib/2context.c:89:19: warning: taking address of packed member of 'struct vb2_shared_data' may result in an unaligned pointer value [-Waddress-of-packed-member]
   89 |         *ctxptr = &new_sd->ctx;
      |                   ^~~~~~~~~~~~
    CC            firmware/2lib/2ec_sync.o
    CC            firmware/2lib/2firmware.o
    CC            firmware/2lib/2gbb.o
    GCC        ramstage/libgfxinit/common/haswell/hw-gfx-gma-pch-lynxpoint.o
    CC            firmware/2lib/2hmac.o
    CC            firmware/2lib/2kernel.o
    CC            firmware/2lib/2misc.o
    GCC        ramstage/libgfxinit/common/haswell/hw-gfx-gma-plls-lcpll.o
    CC            firmware/2lib/2nvstorage.o
    GCC        ramstage/libgfxinit/common/haswell/hw-gfx-gma-plls-wrpll.o
    GCC        ramstage/libgfxinit/common/haswell/hw-gfx-gma-plls.o
    CC            firmware/2lib/2packed_key.o
    GCC        ramstage/libgfxinit/common/haswell/hw-gfx-gma-power_and_clocks.o
    CC            firmware/2lib/2recovery_reasons.o
    CC            firmware/2lib/2rsa.o
    CC            firmware/2lib/2secdata_firmware.o
    CC            firmware/2lib/2secdata_fwmp.o
    GCC        ramstage/libgfxinit/common/haswell/hw-gfx-gma-spll.o
    GCC        ramstage/libgfxinit/common/dyncpu/hw-gfx-gma-config.o
    CC            firmware/2lib/2secdata_kernel.o
    CC            firmware/2lib/2sha1.o
firmware/2lib/2secdata_kernel.c: In function 'vb2_secdata_kernel_set':
firmware/2lib/2secdata_kernel.c:237:36: warning: taking address of packed member of 'struct vb2_secdata_kernel_v0' may result in an unaligned pointer value [-Waddress-of-packed-member]
  237 |                 ptr = is_v0(ctx) ? &v0->kernel_versions : &v1->kernel_versions;
      |                                    ^~~~~~~~~~~~~~~~~~~~
    CC            firmware/2lib/2sha256.o
    CC            firmware/2lib/2sha512.o
    GCC        ramstage/libgfxinit/common/hw-gfx-dp_aux_ch.o
    CC            firmware/2lib/2sha_utility.o
    CC            firmware/2lib/2struct.o
    CC            firmware/2lib/2stub_hwcrypto.o
    CC            firmware/2lib/2tpm_bootmode.o
    CC            firmware/lib/cgptlib/cgptlib.o
    CC            firmware/lib/cgptlib/cgptlib_internal.o
    GCC        ramstage/libgfxinit/common/hw-gfx-dp_defs.o
    CC            firmware/lib/cgptlib/crc32.o
    CC            firmware/lib/gpt_misc.o
    CC            firmware/lib/vboot_api_kernel.o
    CC            firmware/lib/vboot_kernel.o
    CC            firmware/lib20/api_kernel.o
    GCC        ramstage/libgfxinit/common/hw-gfx-dp_dual_mode.o
    GCC        ramstage/libgfxinit/common/hw-gfx-dp_info.o
    CC            firmware/lib20/kernel.o
    GCC        ramstage/libgfxinit/common/hw-gfx-dp_training.o
    GCC        ramstage/libgfxinit/common/hw-gfx-edid.o
    GCC        ramstage/libgfxinit/common/hw-gfx-framebuffer_filler.o
    GCC        ramstage/libgfxinit/common/hw-gfx-gma-config_helpers.o
    GCC        ramstage/libgfxinit/common/hw-gfx-gma-connector_info.o
    GCC        ramstage/libgfxinit/common/hw-gfx-gma-display_probing.o
    RM            vboot_fw.a
    GCC        ramstage/libgfxinit/common/hw-gfx-gma-dp_aux_ch.o
    AR            vboot_fw.a
    GCC        ramstage/libgfxinit/common/hw-gfx-gma-dp_aux_request.o
    GCC        ramstage/libgfxinit/common/hw-gfx-gma-dp_dual_mode.o
    GCC        ramstage/libgfxinit/common/hw-gfx-gma-dp_info.o
    GCC        ramstage/libgfxinit/common/hw-gfx-gma-i2c.o
    GCC        ramstage/libgfxinit/common/hw-gfx-gma-panel.o
    GCC        ramstage/libgfxinit/common/hw-gfx-gma-pch-fdi.o
    GCC        ramstage/libgfxinit/common/hw-gfx-gma-pch-sideband.o
    GCC        ramstage/libgfxinit/common/hw-gfx-gma-pch-transcoder.o
    GCC        ramstage/libgfxinit/common/hw-gfx-gma-pch-vga.o
    GCC        ramstage/libgfxinit/common/hw-gfx-gma-pch.o
    GCC        ramstage/libgfxinit/common/hw-gfx-gma-pcode.o
    GCC        ramstage/libgfxinit/common/hw-gfx-gma-pipe_setup.o
    GCC        ramstage/libgfxinit/common/hw-gfx-gma-registers.o
    GCC        ramstage/libgfxinit/common/hw-gfx-gma-transcoder.o
    GCC        ramstage/libgfxinit/common/hw-gfx-gma.o
    GCC        ramstage/libgfxinit/common/hw-gfx-i2c.o
    GCC        ramstage/libgfxinit/common/hw-gfx.o
    CC         ramstage/lib/b64_decode.o
    CC         ramstage/lib/boot_device.o
    CC         ramstage/lib/bootmem.o
    CC         ramstage/lib/bootmode.o
    GCC        ramstage/lib/cb.o
    CC         ramstage/lib/cbfs.o
    CC         ramstage/lib/cbmem_common.o
    CC         ramstage/lib/cbmem_console.o
    CC         ramstage/lib/compute_ip_checksum.o
    CC         ramstage/lib/coreboot_table.o
    CC         ramstage/lib/crc_byte.o
    CC         ramstage/lib/delay.o
    CC         ramstage/lib/dimm_info_util.o
    CC         ramstage/lib/dp_aux.o
    CC         ramstage/lib/edid.o
    CC         ramstage/lib/edid_fill_fb.o
    CC         ramstage/lib/ext_stage_cache.o
    CC         ramstage/lib/fallback_boot.o
    CC         ramstage/lib/gcc.o
    CC         ramstage/lib/halt.o
    CC         ramstage/lib/hardwaremain.o
    CC         ramstage/lib/hexdump.o
    CC         ramstage/lib/hexstrtobin.o
    GCC        ramstage/lib/hw-time-timer.o
    CC         ramstage/lib/imd.o
    CC         ramstage/lib/imd_cbmem.o
    CC         ramstage/lib/list.o
    CC         ramstage/lib/lzma.o
    CC         ramstage/lib/lzmadecode.o
    CC         ramstage/lib/malloc.o
    CC         ramstage/lib/memchr.o
    CC         ramstage/lib/memcmp.o
    CC         ramstage/lib/memrange.o
    CC         ramstage/lib/prog_loaders.o
    CC         ramstage/lib/prog_ops.o
    CC         ramstage/lib/region_file.o
    CC         ramstage/lib/reset.o
    CC         ramstage/lib/rmodule.o
    CC         ramstage/lib/romstage_handoff.o
    CC         ramstage/lib/rtc.o
    CC         ramstage/lib/selfboot.o
    CC         ramstage/lib/stack.o
    CC         ramstage/lib/string.o
    CC         ramstage/lib/timestamp.o
    CC         ramstage/lib/uuid.o
    CC         ramstage/lib/version.o
    CC         ramstage/lib/wrdd.o
    MAKE       
    CC         ramstage/ec/lenovo/pmh7/pmh7.o
    CC         ramstage/ec/lenovo/h8/bluetooth.o
    CC         ramstage/ec/lenovo/h8/h8.o
    CC         ramstage/ec/lenovo/h8/panic.o
    CC         ramstage/ec/lenovo/h8/sense.o
    CC         ramstage/ec/lenovo/h8/ssdt.o
    CC         ramstage/ec/lenovo/h8/wwan.o
building with libflashrom support
Package flashrom was not found in the pkg-config search path.
Perhaps you should add the directory containing `flashrom.pc'
to the PKG_CONFIG_PATH environment variable
No package 'flashrom' found
    CC         ramstage/ec/acpi/ec.o
    CC         ramstage/drivers/wifi/generic/acpi.o
    CC         ramstage/drivers/wifi/generic/generic.o
    CC         ramstage/drivers/wifi/generic/smbios.o
    CC         ramstage/drivers/tpm/ppi_stub.o
    CC         ramstage/drivers/tpm/tpm.o
    CC         ramstage/drivers/spi/adesto.o
    CC         ramstage/drivers/spi/amic.o
    CC         ramstage/drivers/spi/atmel.o
    CC         ramstage/drivers/spi/boot_device_rw_nommap.o
    CC         ramstage/drivers/spi/bitbang.o
    CC         ramstage/drivers/spi/eon.o
    CC         ramstage/drivers/spi/gigadevice.o
    CC         ramstage/drivers/spi/macronix.o
    CC         ramstage/drivers/spi/spansion.o
    CC         ramstage/drivers/spi/spi-generic.o
    CC         ramstage/drivers/spi/spi_flash.o
    CC         ramstage/drivers/spi/sst.o
    CC         ramstage/drivers/spi/stmicro.o
    CC         ramstage/drivers/spi/winbond.o
    CC         ramstage/drivers/pc80/tpm/tis.o
    CC         ramstage/drivers/pc80/rtc/mc146818rtc.o
    CC         ramstage/drivers/pc80/rtc/mc146818rtc_boot.o
    CC         ramstage/drivers/pc80/rtc/option.o
    CC         ramstage/drivers/pc80/pc/i8254.o
    CC         ramstage/drivers/pc80/pc/i8259.o
    CC         ramstage/drivers/pc80/pc/isa-dma.o
    CC         ramstage/drivers/pc80/pc/keyboard.o
    CC         ramstage/drivers/mrc_cache/mrc_cache.o
    CC         ramstage/drivers/mipi/panel.o
    GCC        ramstage/drivers/intel/gma/hires_fb/gma-gfx_init.o
    CC         ramstage/drivers/intel/gma/acpi.o
    GCC        ramstage/drivers/intel/gma/gma.o
    CC         ramstage/drivers/intel/gma/intel_ddi.o
    CC         ramstage/drivers/intel/gma/opregion.o
    CC         ramstage/drivers/broadcom/bcm57xx_aspm_disable.o
    CC         ramstage/device/dram/ddr2.o
    CC         ramstage/device/dram/ddr3.o
    CC         ramstage/device/dram/ddr4.o
    CC         ramstage/device/dram/ddr_common.o
vboot SHA256 built with tight loops (slower, smaller code size)
Package libcrypto was not found in the pkg-config search path.
Perhaps you should add the directory containing `libcrypto.pc'
to the PKG_CONFIG_PATH environment variable
No package 'libcrypto' found
    CC         ramstage/device/dram/lpddr4.o
    CC         ramstage/device/dram/spd.o
    CC         ramstage/device/azalia_device.o
    CC         ramstage/device/cardbus_device.o
    CC         ramstage/device/cpu_device.o
    CC            firmware/2lib/2api.o
    CC         ramstage/device/device.o
    CC         ramstage/device/device_const.o
    CC         ramstage/device/device_util.o
    CC            firmware/2lib/2auxfw_sync.o
    CC         ramstage/device/gpio.o
    CC         ramstage/device/i2c.o
    CC            firmware/2lib/2common.o
    CC            firmware/2lib/2context.o
    CC         ramstage/device/i2c_bus.o
firmware/2lib/2context.c: In function 'vb2api_init':
firmware/2lib/2context.c:48:19: warning: taking address of packed member of 'struct vb2_shared_data' may result in an unaligned pointer value [-Waddress-of-packed-member]
   48 |         *ctxptr = &sd->ctx;
      |                   ^~~~~~~~
firmware/2lib/2context.c: In function 'vb2api_relocate':
firmware/2lib/2context.c:89:19: warning: taking address of packed member of 'struct vb2_shared_data' may result in an unaligned pointer value [-Waddress-of-packed-member]
   89 |         *ctxptr = &new_sd->ctx;
      |                   ^~~~~~~~~~~~
    CC         ramstage/device/mmio.o
    CC            firmware/2lib/2crc8.o
    CC            firmware/2lib/2crypto.o
    CC            firmware/2lib/2ec_sync.o
    CC         ramstage/device/pci_class.o
    CC            firmware/2lib/2firmware.o
    CC            firmware/2lib/2gbb.o
    CC            firmware/2lib/2hmac.o
    CC         ramstage/device/pci_device.o
    CC         ramstage/device/pci_ops.o
    CC            firmware/2lib/2kernel.o
    CC            firmware/2lib/2misc.o
    CC            firmware/2lib/2nvstorage.o
    CC            firmware/2lib/2packed_key.o
    CC            firmware/2lib/2recovery_reasons.o
    CC            firmware/2lib/2rsa.o
    CC            firmware/2lib/2secdata_firmware.o
    CC         ramstage/device/pci_rom.o
    CC            firmware/2lib/2secdata_fwmp.o
    CC            firmware/2lib/2secdata_kernel.o
    CC            firmware/2lib/2sha1.o
    CC            firmware/2lib/2sha256.o
firmware/2lib/2secdata_kernel.c: In function 'vb2_secdata_kernel_set':
firmware/2lib/2secdata_kernel.c:237:36: warning: taking address of packed member of 'struct vb2_secdata_kernel_v0' may result in an unaligned pointer value [-Waddress-of-packed-member]
  237 |                 ptr = is_v0(ctx) ? &v0->kernel_versions : &v1->kernel_versions;
      |                                    ^~~~~~~~~~~~~~~~~~~~
    CC            firmware/2lib/2sha512.o
    CC            firmware/2lib/2sha_utility.o
    CC            firmware/2lib/2struct.o
    CC            firmware/2lib/2stub_hwcrypto.o
    CC            firmware/2lib/2tpm_bootmode.o
    CC         ramstage/device/pciexp_device.o
    CC         ramstage/device/pcix_device.o
    CC            firmware/lib/cgptlib/cgptlib.o
    CC         ramstage/device/pnp_device.o
    CC            firmware/lib/cgptlib/cgptlib_internal.o
    CC            firmware/lib/cgptlib/crc32.o
    CC            firmware/lib/gpt_misc.o
    CC         ramstage/device/resource_allocator_common.o
    CC            firmware/lib/vboot_api_kernel.o
    CC         ramstage/device/resource_allocator_v4.o
    CC            firmware/lib/vboot_kernel.o
    CC            firmware/lib20/api_kernel.o
    CC         ramstage/device/root_device.o
    CC            firmware/lib20/kernel.o
    CC         ramstage/device/smbus_ops.o
    CC         ramstage/cpu/x86/tsc/delay_tsc.o
    CC         ramstage/cpu/x86/smm/smm_module_loader.o
    CC         ramstage/cpu/x86/smm/tseg_region.o
    RM            vboot_fw.a
    AR            vboot_fw.a
    CC         smm/acpi/acpi_pm.o
    CC         smm/arch/x86/memcpy.o
    CC         smm/arch/x86/memmove.o
    CC         smm/arch/x86/memset.o
    CC         smm/arch/x86/mmap_boot.o
    CC         smm/commonlib/bsd/cbfs_mcache.o
    CC         smm/commonlib/bsd/cbfs_private.o
    CC         smm/commonlib/bsd/elog.o
    CC         smm/commonlib/iobuf.o
    CC         smm/commonlib/mem_pool.o
    CC         smm/commonlib/region.o
    CC         smm/console/die.o
    CC         smm/console/post.o
    CC         smm/cpu/intel/common/fsb.o
    CC         smm/cpu/intel/haswell/finalize.o
    CC         smm/cpu/x86/pae/pgtbl.o
    CC         smm/cpu/x86/smi_trigger.o
    CC         smm/cpu/x86/smm/save_state.o
    CC         smm/cpu/x86/smm/smm_module_handler.o
    CC         smm/cpu/x86/tsc/delay_tsc.o
    CC         smm/device/device_const.o
    CC         smm/device/pci_ops.o
    CC         smm/drivers/pc80/pc/i8254.o
    CC         smm/drivers/pc80/rtc/mc146818rtc.o
    CC         smm/drivers/pc80/rtc/option.o
    CC         smm/ec/acpi/ec.o
    CC         smm/ec/lenovo/h8/sense.o
    CC         smm/ec/lenovo/pmh7/pmh7.o
    CC         smm/lib/boot_device.o
    CC         smm/lib/cbfs.o
    CC         smm/lib/crc_byte.o
    CC         smm/lib/delay.o
    CC         smm/lib/gcc.o
    CC         smm/lib/halt.o
    CC         smm/lib/hexdump.o
    CC         smm/lib/memcmp.o
    CC         smm/lib/reset.o
    CC         smm/lib/string.o
    CC         smm/lib/version.o
    CC         smm/mainboard/lenovo/w541/smihandler.o
    CC         smm/southbridge/intel/common/finalize.o
    CC         smm/southbridge/intel/common/gpio.o
    CC         smm/southbridge/intel/common/pmbase.o
    CC         smm/southbridge/intel/lynxpoint/pch.o
    CC         smm/southbridge/intel/lynxpoint/pmutil.o
    CC         smm/southbridge/intel/lynxpoint/smihandler.o
    CC         smm/southbridge/intel/lynxpoint/usb_ehci.o
    CC         smm/southbridge/intel/lynxpoint/usb_xhci.o
src/southbridge/intel/lynxpoint/smihandler.c: In function 'southbridge_smi_gsmi':
src/southbridge/intel/lynxpoint/smihandler.c:231:22: warning: taking address of packed member of 'struct <anonymous>' may result in an unaligned pointer value [-Waddress-of-packed-member]
  231 |         ret = (u32 *)&io_smi->rax;
      |                      ^~~~~~~~~~~~
src/southbridge/intel/lynxpoint/smihandler.c:235:24: warning: taking address of packed member of 'struct <anonymous>' may result in an unaligned pointer value [-Waddress-of-packed-member]
  235 |         param = (u32 *)&io_smi->rbx;
      |                        ^~~~~~~~~~~~
    CC         smm/mainboard/lenovo/w541/static.o
    CC         smmstub/cpu/x86/smm/smm_stub.o
    CC         ramstage/cpu/x86/pae/pgtbl.o
    CC         ramstage/cpu/x86/name/name.o
    CC         ramstage/cpu/x86/mtrr/debug.o
    CC         ramstage/cpu/x86/mtrr/mtrr.o
    CC         ramstage/cpu/x86/lapic/boot_cpu.o
    CC         ramstage/cpu/x86/lapic/lapic.o
    CC         ramstage/cpu/x86/backup_default_smm.o
    CC         ramstage/cpu/x86/mp_init.o
src/cpu/x86/mp_init.c: In function 'load_sipi_vector':
src/cpu/x86/mp_init.c:350:20: warning: taking address of packed member of 'struct sipi_params' may result in an unaligned pointer value [-Waddress-of-packed-member]
  350 |         ap_count = &sp->ap_count;
      |                    ^~~~~~~~~~~~~
    CC         ramstage/cpu/x86/smi_trigger.o
    CC         rmodules_x86_32/cpu/x86/sipi_vector.o
    CC         ramstage/cpu/intel/turbo/turbo.o
    CC         ramstage/cpu/intel/smm/smm_reloc.o
    CC         ramstage/cpu/intel/microcode/microcode.o
    CC         ramstage/cpu/intel/haswell/acpi.o
    CC         ramstage/cpu/intel/haswell/haswell_init.o
    CC         ramstage/cpu/intel/haswell/smmrelocate.o
    CC         ramstage/cpu/intel/common/common_init.o
    CC         ramstage/cpu/intel/common/fsb.o
    CC         ramstage/cpu/intel/common/hyperthreading.o
    CC         ramstage/cpu/intel/common/voltage.o
    CC         ramstage/console/console.o
    CC         ramstage/console/die.o
    GCC        ramstage/console/hw-debug_sink.o
    CC         ramstage/console/init.o
    CC         ramstage/console/post.o
    CC         ramstage/console/printk.o
    CC         ramstage/console/vsprintf.o
    CC         ramstage/console/vtxprintf.o
    CC         ramstage/commonlib/bsd/cbfs_mcache.o
    CC         ramstage/commonlib/bsd/cbfs_private.o
    CC         ramstage/commonlib/bsd/elog.o
    CC         ramstage/commonlib/bsd/lz4_wrapper.o
    CC         ramstage/commonlib/iobuf.o
    CC         ramstage/commonlib/mem_pool.o
    CC         ramstage/commonlib/region.o
    CC         ramstage/commonlib/sort.o
    CC         ramstage/arch/x86/acpi.o
    CC         ramstage/arch/x86/acpi_s3.o
    CC         ramstage/arch/x86/boot.o
    CC         ramstage/arch/x86/breakpoint.o
    CC         ramstage/arch/x86/c_exit.o
    CC         ramstage/arch/x86/c_start.o
    CC         ramstage/arch/x86/cf9_reset.o
    CC         ramstage/arch/x86/cpu.o
    CC         ramstage/arch/x86/cpu_common.o
    CC         ramstage/arch/x86/ebda.o
    CC         ramstage/arch/x86/exception.o
    CC         ramstage/arch/x86/idt.o
    CC         ramstage/arch/x86/ioapic.o
    CC         ramstage/arch/x86/memcpy.o
    CC         ramstage/arch/x86/memmove.o
    CC         ramstage/arch/x86/memset.o
    CC         ramstage/arch/x86/mmap_boot.o
    CC         ramstage/arch/x86/null_breakpoint.o
    CC         ramstage/arch/x86/post.o
    CC         ramstage/arch/x86/rdrand.o
    CC         ramstage/arch/x86/smbios.o
    CC         ramstage/arch/x86/smbios_defaults.o
    CC         ramstage/arch/x86/tables.o
    CC         ramstage/arch/x86/timestamp.o
    CC         ramstage/arch/x86/wakeup.o
    CC         ramstage/acpi/acpi.o
    CC         ramstage/acpi/acpi_pm.o
    CC         ramstage/acpi/acpigen.o
    CC         ramstage/acpi/acpigen_dptf.o
    CC         ramstage/acpi/acpigen_dsm.o
    CC         ramstage/acpi/acpigen_pci.o
    CC         ramstage/acpi/acpigen_ps2_keybd.o
    CC         ramstage/acpi/acpigen_usb.o
    CC         ramstage/acpi/device.o
    CC         ramstage/acpi/gnvs.o
    CC         ramstage/acpi/pld.o
    CC         ramstage/acpi/sata.o
    CC         ramstage/acpi/soundwire.o
    GCC        ramstage/cb-config.o
    IASL       w541-hotp-maximized/dsdt.aml
    CC         postcar/acpi/acpi_pm.o
dsdt.asl   1063:   OperationRegion (XREG, SystemMemory, ^XMEM << 16, 0x600)
Remark   2173 -                       ^ Creation of named objects within a method is highly inefficient, use globals or method local variables instead (\_SB.PCI0.XHCI.LPCL)

dsdt.asl   1075:   Name (PEDB, 1 << 1)
Remark   2173 -            ^ Creation of named objects within a method is highly inefficient, use globals or method local variables instead (\_SB.PCI0.XHCI.LPCL)

dsdt.asl   1076:   Name (CHST, 0x7f << 17)
Remark   2173 -            ^ Creation of named objects within a method is highly inefficient, use globals or method local variables instead (\_SB.PCI0.XHCI.LPCL)

dsdt.asl   1088:   OperationRegion (XREG, SystemMemory, ^XMEM << 16, 0x600)
Remark   2173 -                       ^ Creation of named objects within a method is highly inefficient, use globals or method local variables instead (\_SB.PCI0.XHCI.LPS0)

dsdt.asl   1186:   OperationRegion (XREG, SystemMemory, (^XMEM << 16) + 0x8000, 0x200)
Remark   2173 -                       ^ Creation of named objects within a method is highly inefficient, use globals or method local variables instead (\_SB.PCI0.XHCI._PS0)

dsdt.asl   1218:   OperationRegion (XREG, SystemMemory, (^XMEM << 16) + 0x8000, 0x200)
Remark   2173 -                       ^ Creation of named objects within a method is highly inefficient, use globals or method local variables instead (\_SB.PCI0.XHCI._PS3)

dsdt.asl   1258:    Name (PCKG, Package () {
Remark   2173 -             ^ Creation of named objects within a method is highly inefficient, use globals or method local variables instead (\_SB.PCI0.XHCI.HUB7.GPLD)

dsdt.asl   1698:   Name (ECMD, ResourceTemplate()
Remark   2173 -            ^ Creation of named objects within a method is highly inefficient, use globals or method local variables instead (\_SB.PCI0.LPCB.EC._CRS)

dsdt.asl   2014:  Name (SERN, Buffer (0x06) { "     " })
Remark   2173 -           ^ Creation of named objects within a method is highly inefficient, use globals or method local variables instead (\_SB.PCI0.LPCB.EC.BINF)

dsdt.asl   2025:  Name (TYPE, Buffer() { 0, 0, 0, 0, 0 })
Remark   2173 -           ^ Creation of named objects within a method is highly inefficient, use globals or method local variables instead (\_SB.PCI0.LPCB.EC.BINF)

dsdt.asl   2284:   PowerResource (FPwR, 0, 0)
Remark   2182 -                     ^ At least one lower case letter found in NameSeg, ASL is case insensitive - converting to upper case (FPWR)

dsdt.asl   2303:    Name (_PR0, Package () { FPwR })
Remark   2182 -                                ^ At least one lower case letter found in NameSeg, ASL is case insensitive - converting to upper case (FPWR)

dsdt.asl   2513:  Method (MLCG, 1)
Remark   2146 -             ^ Method Argument is never used (Arg0)

dsdt.asl   2549:  Method (WAKE, 1)
Remark   2146 -             ^ Method Argument is never used (Arg0)


Intel ACPI Component Architecture
ASL+ Optimizing Compiler/Disassembler version 20220331
Copyright (c) 2000 - 2022 Intel Corporation

coreboot toolchain v2022-06-27_f6abb9ef8d
ASL Input:     dsdt.asl -   48390 bytes   1567 keywords   2882 source lines
AML Output:    dsdt.aml -   13906 bytes    999 opcodes     568 named objects

Compilation successful. 0 Errors, 0 Warnings, 14 Remarks, 503 Optimizations, 14 Constants Folded
    IASL       3150 warning types were ignored!
    IASL       w541-hotp-maximized/dsdt.aml disassembled correctly.
    CC         postcar/arch/x86/boot.o
    CC         postcar/arch/x86/cf9_reset.o
    CC         postcar/arch/x86/cpu_common.o
    CC         postcar/arch/x86/exit_car.o
    CC         postcar/arch/x86/gdt_init.o
    CC         postcar/arch/x86/memcpy.o
    CC         postcar/arch/x86/memmove.o
    CC         postcar/arch/x86/memset.o
    CC         postcar/arch/x86/mmap_boot.o
    CC         postcar/arch/x86/post.o
    CC         postcar/arch/x86/postcar.o
    CC         postcar/arch/x86/timestamp.o
    CC         postcar/commonlib/bsd/cbfs_mcache.o
    CC         postcar/commonlib/bsd/cbfs_private.o
    CC         postcar/commonlib/bsd/lz4_wrapper.o
    CC         postcar/commonlib/iobuf.o
    CC         postcar/commonlib/mem_pool.o
    CC         postcar/commonlib/region.o
    CC         postcar/console/console.o
    CC         postcar/console/die.o
    CC         postcar/console/init.o
    CC         postcar/console/post.o
    CC         postcar/console/printk.o
    CC         postcar/console/vsprintf.o
    CC         postcar/console/vtxprintf.o
    CC         postcar/cpu/intel/car/non-evict/exit_car.o
    CC         postcar/cpu/intel/common/fsb.o
    CC         postcar/cpu/x86/lapic/boot_cpu.o
    CC         postcar/cpu/x86/lapic/lapic.o
    CC         postcar/cpu/x86/mtrr/debug.o
    CC         postcar/cpu/x86/mtrr/earlymtrr.o
    CC         postcar/cpu/x86/pae/pgtbl.o
    CC         postcar/cpu/x86/smm/tseg_region.o
    CC         postcar/cpu/x86/tsc/delay_tsc.o
    CC         postcar/device/device_const.o
    CC         postcar/device/pci_early.o
    CC         postcar/device/pci_ops.o
    CC         postcar/drivers/pc80/pc/i8254.o
    CC         postcar/drivers/pc80/rtc/mc146818rtc.o
    CC         postcar/drivers/pc80/rtc/mc146818rtc_boot.o
    CC         postcar/drivers/pc80/rtc/option.o
    CC         postcar/drivers/pc80/tpm/tis.o
    CC         postcar/drivers/spi/adesto.o
    CC         postcar/drivers/spi/amic.o
    CC         postcar/drivers/spi/atmel.o
    CC         postcar/drivers/spi/bitbang.o
    CC         postcar/drivers/spi/eon.o
    CC         postcar/drivers/spi/gigadevice.o
    CC         postcar/drivers/spi/macronix.o
    CC         postcar/drivers/spi/spansion.o
    CC         postcar/drivers/spi/spi-generic.o
    CC         postcar/drivers/spi/spi_flash.o
    CC         postcar/drivers/spi/sst.o
    CC         postcar/drivers/spi/stmicro.o
    CC         postcar/drivers/spi/winbond.o
    CC         postcar/ec/lenovo/h8/sense.o
    CC         postcar/lib/boot_device.o
    CC         postcar/lib/bootmode.o
    CC         postcar/lib/cbfs.o
    CC         postcar/lib/cbmem_common.o
    CC         postcar/lib/cbmem_console.o
    CC         postcar/lib/crc_byte.o
    CC         postcar/lib/delay.o
    CC         postcar/lib/ext_stage_cache.o
    CC         postcar/lib/gcc.o
    CC         postcar/lib/halt.o
    CC         postcar/lib/hexdump.o
    CC         postcar/lib/imd.o
    CC         postcar/lib/imd_cbmem.o
    CC         postcar/lib/libgcc.o
    CC         postcar/lib/list.o
    CC         postcar/lib/lzma.o
    CC         postcar/lib/lzmadecode.o
    CC         postcar/lib/memchr.o
    CC         postcar/lib/memcmp.o
    CC         postcar/lib/prog_loaders.o
    CC         postcar/lib/prog_ops.o
    CC         postcar/lib/reset.o
    CC         postcar/lib/rmodule.o
    CC         postcar/lib/romstage_handoff.o
    CC         postcar/lib/string.o
    CC         postcar/lib/timestamp.o
    CC         postcar/lib/version.o
    CC         postcar/northbridge/intel/haswell/memmap.o
    CC         postcar/security/memory/memory.o
    CC         postcar/security/tpm/tspi/crtm.o
    CC         postcar/security/tpm/tspi/log.o
    CC         postcar/security/tpm/tspi/tspi.o
    CC         postcar/security/tpm/tss/tcg-1.2/tss.o
    CC         postcar/security/vboot/vboot_lib.o
    CC         postcar/southbridge/intel/common/pmbase.o
    CC         postcar/southbridge/intel/common/reset.o
    CC         postcar/southbridge/intel/common/rtc.o
    CC         postcar/southbridge/intel/common/spi.o
    MAKE       
    CC         postcar/mainboard/lenovo/w541/static.o
    CC         bootblock/acpi/acpi_pm.o
src/southbridge/intel/common/spi.c: In function 'spi_init':
src/southbridge/intel/common/spi.c:298:32: warning: taking address of packed member of 'struct ich7_spi_regs' may result in an unaligned pointer value [-Waddress-of-packed-member]
  298 |                 cntlr.optype = &ich7_spi->optype;
      |                                ^~~~~~~~~~~~~~~~~
src/southbridge/intel/common/spi.c:299:30: warning: taking address of packed member of 'struct ich7_spi_regs' may result in an unaligned pointer value [-Waddress-of-packed-member]
  299 |                 cntlr.addr = &ich7_spi->spia;
      |                              ^~~~~~~~~~~~~~~
src/southbridge/intel/common/spi.c:303:33: warning: taking address of packed member of 'struct ich7_spi_regs' may result in an unaligned pointer value [-Waddress-of-packed-member]
  303 |                 cntlr.control = &ich7_spi->spic;
      |                                 ^~~~~~~~~~~~~~~
src/southbridge/intel/common/spi.c:304:30: warning: taking address of packed member of 'struct ich7_spi_regs' may result in an unaligned pointer value [-Waddress-of-packed-member]
  304 |                 cntlr.bbar = &ich7_spi->bbar;
      |                              ^~~~~~~~~~~~~~~
src/southbridge/intel/common/spi.c:305:31: warning: taking address of packed member of 'struct ich7_spi_regs' may result in an unaligned pointer value [-Waddress-of-packed-member]
  305 |                 cntlr.preop = &ich7_spi->preop;
      |                               ^~~~~~~~~~~~~~~~
src/southbridge/intel/common/spi.c:306:29: warning: taking address of packed member of 'struct ich7_spi_regs' may result in an unaligned pointer value [-Waddress-of-packed-member]
  306 |                 cntlr.fpr = &ich7_spi->pbr[0];
      |                             ^~~~~~~~~~~~~~~~~
src/southbridge/intel/common/spi.c:315:32: warning: taking address of packed member of 'struct ich9_spi_regs' may result in an unaligned pointer value [-Waddress-of-packed-member]
  315 |                 cntlr.optype = &ich9_spi->optype;
      |                                ^~~~~~~~~~~~~~~~~
src/southbridge/intel/common/spi.c:316:30: warning: taking address of packed member of 'struct ich9_spi_regs' may result in an unaligned pointer value [-Waddress-of-packed-member]
  316 |                 cntlr.addr = &ich9_spi->faddr;
      |                              ^~~~~~~~~~~~~~~~
src/southbridge/intel/common/spi.c:321:30: warning: taking address of packed member of 'struct ich9_spi_regs' may result in an unaligned pointer value [-Waddress-of-packed-member]
  321 |                 cntlr.bbar = &ich9_spi->bbar;
      |                              ^~~~~~~~~~~~~~~
src/southbridge/intel/common/spi.c:322:31: warning: taking address of packed member of 'struct ich9_spi_regs' may result in an unaligned pointer value [-Waddress-of-packed-member]
  322 |                 cntlr.preop = &ich9_spi->preop;
      |                               ^~~~~~~~~~~~~~~~
src/southbridge/intel/common/spi.c:323:29: warning: taking address of packed member of 'struct ich9_spi_regs' may result in an unaligned pointer value [-Waddress-of-packed-member]
  323 |                 cntlr.fpr = &ich9_spi->pr[0];
      |                             ^~~~~~~~~~~~~~~~
    CC         bootblock/arch/x86/boot.o
building with libflashrom support
Package flashrom was not found in the pkg-config search path.
Perhaps you should add the directory containing `flashrom.pc'
to the PKG_CONFIG_PATH environment variable
No package 'flashrom' found
    CC         bootblock/arch/x86/cf9_reset.o
    CC         bootblock/arch/x86/cpu_common.o
    CC         bootblock/arch/x86/gdt_init.o
    CC         bootblock/arch/x86/id.o
    CC         bootblock/arch/x86/memcpy.o
    CC         bootblock/arch/x86/memmove.o
    CC         bootblock/arch/x86/memset.o
    CC         bootblock/arch/x86/mmap_boot.o
    CC         bootblock/arch/x86/post.o
    CC         bootblock/arch/x86/timestamp.o
    CC         bootblock/commonlib/bsd/cbfs_mcache.o
    CC         bootblock/commonlib/bsd/cbfs_private.o
    CC         bootblock/commonlib/bsd/lz4_wrapper.o
    CC         bootblock/commonlib/iobuf.o
    CC         bootblock/commonlib/mem_pool.o
    CC         bootblock/commonlib/region.o
    CC         bootblock/console/console.o
    CC         bootblock/console/die.o
    CC         bootblock/console/init.o
    CC         bootblock/console/post.o
    CC         bootblock/console/printk.o
    CC         bootblock/console/vsprintf.o
    CC         bootblock/console/vtxprintf.o
    CC         bootblock/cpu/intel/car/bootblock.o
    CC         bootblock/cpu/intel/car/non-evict/cache_as_ram.o
    CC         bootblock/cpu/intel/common/fsb.o
    CC         bootblock/cpu/intel/fit/fit.o
    CC         bootblock/cpu/intel/haswell/bootblock.o
    CC         bootblock/cpu/intel/microcode/microcode.o
    CC         bootblock/cpu/intel/microcode/microcode_asm.o
    CC         bootblock/cpu/x86/early_reset.o
    CC         bootblock/cpu/x86/entry16.o
    CC         bootblock/cpu/x86/entry32.o
    CC         bootblock/cpu/x86/lapic/boot_cpu.o
    CC         bootblock/cpu/x86/lapic/lapic.o
    CC         bootblock/cpu/x86/mtrr/debug.o
    CC         bootblock/cpu/x86/mtrr/earlymtrr.o
    CC         bootblock/cpu/x86/name/name.o
    CC         bootblock/cpu/x86/pae/pgtbl.o
    CC         bootblock/cpu/x86/reset16.o
    CC         bootblock/cpu/x86/tsc/delay_tsc.o
    CC         bootblock/device/device_const.o
    CC         bootblock/device/i2c.o
    CC         bootblock/device/mmio.o
    CC         bootblock/device/pci_early.o
    CC         bootblock/device/pci_ops.o
    CC         bootblock/drivers/pc80/pc/i8254.o
    CC         bootblock/drivers/pc80/rtc/mc146818rtc.o
    CC         bootblock/drivers/pc80/rtc/mc146818rtc_boot.o
    CC         bootblock/drivers/pc80/rtc/option.o
    CC         bootblock/drivers/pc80/tpm/tis.o
    CC         bootblock/drivers/spi/adesto.o
vboot SHA256 built with tight loops (slower, smaller code size)
    CC         bootblock/drivers/spi/amic.o
Package libcrypto was not found in the pkg-config search path.
Perhaps you should add the directory containing `libcrypto.pc'
to the PKG_CONFIG_PATH environment variable
No package 'libcrypto' found
    CC         bootblock/drivers/spi/atmel.o
    CC         bootblock/drivers/spi/bitbang.o
    CC         bootblock/drivers/spi/eon.o
    CC         bootblock/drivers/spi/gigadevice.o
    CC         bootblock/drivers/spi/macronix.o
    CC            firmware/2lib/2api.o
    CC         bootblock/drivers/spi/spansion.o
    CC         bootblock/drivers/spi/spi-generic.o
    CC            firmware/2lib/2auxfw_sync.o
    CC            firmware/2lib/2common.o
    CC            firmware/2lib/2context.o
    CC            firmware/2lib/2crc8.o
firmware/2lib/2context.c: In function 'vb2api_init':
firmware/2lib/2context.c:48:19: warning: taking address of packed member of 'struct vb2_shared_data' may result in an unaligned pointer value [-Waddress-of-packed-member]
   48 |         *ctxptr = &sd->ctx;
      |                   ^~~~~~~~
firmware/2lib/2context.c: In function 'vb2api_relocate':
firmware/2lib/2context.c:89:19: warning: taking address of packed member of 'struct vb2_shared_data' may result in an unaligned pointer value [-Waddress-of-packed-member]
   89 |         *ctxptr = &new_sd->ctx;
      |                   ^~~~~~~~~~~~
    CC            firmware/2lib/2crypto.o
    CC            firmware/2lib/2ec_sync.o
    CC            firmware/2lib/2firmware.o
    CC            firmware/2lib/2gbb.o
    CC            firmware/2lib/2hmac.o
    CC            firmware/2lib/2kernel.o
    CC         bootblock/drivers/spi/spi_flash.o
    CC            firmware/2lib/2misc.o
    CC            firmware/2lib/2nvstorage.o
    CC            firmware/2lib/2packed_key.o
    CC            firmware/2lib/2recovery_reasons.o
    CC            firmware/2lib/2rsa.o
    CC            firmware/2lib/2secdata_firmware.o
    CC            firmware/2lib/2secdata_fwmp.o
    CC            firmware/2lib/2secdata_kernel.o
    CC            firmware/2lib/2sha1.o
firmware/2lib/2secdata_kernel.c: In function 'vb2_secdata_kernel_set':
firmware/2lib/2secdata_kernel.c:237:36: warning: taking address of packed member of 'struct vb2_secdata_kernel_v0' may result in an unaligned pointer value [-Waddress-of-packed-member]
  237 |                 ptr = is_v0(ctx) ? &v0->kernel_versions : &v1->kernel_versions;
      |                                    ^~~~~~~~~~~~~~~~~~~~
    CC            firmware/2lib/2sha256.o
    CC            firmware/2lib/2sha512.o
    CC         bootblock/drivers/spi/sst.o
    CC            firmware/2lib/2sha_utility.o
    CC         bootblock/drivers/spi/stmicro.o
    CC            firmware/2lib/2struct.o
    CC         bootblock/drivers/spi/winbond.o
    CC            firmware/2lib/2stub_hwcrypto.o
    CC            firmware/2lib/2tpm_bootmode.o
    CC            firmware/lib/cgptlib/cgptlib.o
    CC         bootblock/ec/acpi/ec.o
    CC            firmware/lib/cgptlib/cgptlib_internal.o
    CC            firmware/lib/cgptlib/crc32.o
    CC            firmware/lib/gpt_misc.o
    CC            firmware/lib/vboot_api_kernel.o
    CC            firmware/lib/vboot_kernel.o
    CC         bootblock/ec/lenovo/h8/sense.o
    CC            firmware/lib20/api_kernel.o
    CC            firmware/lib20/kernel.o
    CC         bootblock/ec/lenovo/pmh7/pmh7.o
    CC         bootblock/lib/boot_device.o
    CC         bootblock/lib/bootblock.o
    CC         bootblock/lib/cbfs.o
    CC         bootblock/lib/bootmode.o
    CC         bootblock/lib/cbmem_console.o
    CC         bootblock/lib/crc_byte.o
    RM            vboot_fw.a
    AR            vboot_fw.a
    CC         bootblock/lib/delay.o
    CC         bootblock/lib/gcc.o
    CC         bootblock/lib/halt.o
    CC         bootblock/lib/hexdump.o
    CC         bootblock/lib/libgcc.o
    CC         bootblock/lib/list.o
    CC         bootblock/lib/memchr.o
    CC         bootblock/lib/memcmp.o
    CC         bootblock/lib/prog_loaders.o
    CC         bootblock/lib/prog_ops.o
    CC         bootblock/lib/reset.o
    CC         bootblock/lib/string.o
    CC         bootblock/lib/timestamp.o
    CC         bootblock/lib/version.o
    CC         bootblock/northbridge/intel/haswell/bootblock.o
    CC         bootblock/security/tpm/tspi/crtm.o
    CC         bootblock/security/tpm/tspi/log.o
    CC         bootblock/security/tpm/tspi/tspi.o
    CC         bootblock/security/tpm/tss/tcg-1.2/tss.o
    CC         bootblock/security/vboot/vboot_lib.o
    CC         bootblock/southbridge/intel/common/gpio.o
    CC         bootblock/southbridge/intel/common/pmbase.o
    CC         bootblock/southbridge/intel/common/reset.o
    CC         bootblock/southbridge/intel/common/rtc.o
    CC         bootblock/southbridge/intel/common/spi.o
    CC         bootblock/southbridge/intel/common/usb_debug.o
    CC         bootblock/southbridge/intel/lynxpoint/bootblock.o
    CC         bootblock/southbridge/intel/lynxpoint/early_pch.o
    MAKE       
src/southbridge/intel/common/spi.c: In function 'spi_init':
src/southbridge/intel/common/spi.c:298:32: warning: taking address of packed member of 'struct ich7_spi_regs' may result in an unaligned pointer value [-Waddress-of-packed-member]
  298 |                 cntlr.optype = &ich7_spi->optype;
      |                                ^~~~~~~~~~~~~~~~~
src/southbridge/intel/common/spi.c:299:30: warning: taking address of packed member of 'struct ich7_spi_regs' may result in an unaligned pointer value [-Waddress-of-packed-member]
  299 |                 cntlr.addr = &ich7_spi->spia;
      |                              ^~~~~~~~~~~~~~~
src/southbridge/intel/common/spi.c:303:33: warning: taking address of packed member of 'struct ich7_spi_regs' may result in an unaligned pointer value [-Waddress-of-packed-member]
  303 |                 cntlr.control = &ich7_spi->spic;
      |                                 ^~~~~~~~~~~~~~~
src/southbridge/intel/common/spi.c:304:30: warning: taking address of packed member of 'struct ich7_spi_regs' may result in an unaligned pointer value [-Waddress-of-packed-member]
  304 |                 cntlr.bbar = &ich7_spi->bbar;
      |                              ^~~~~~~~~~~~~~~
src/southbridge/intel/common/spi.c:305:31: warning: taking address of packed member of 'struct ich7_spi_regs' may result in an unaligned pointer value [-Waddress-of-packed-member]
  305 |                 cntlr.preop = &ich7_spi->preop;
      |                               ^~~~~~~~~~~~~~~~
src/southbridge/intel/common/spi.c:306:29: warning: taking address of packed member of 'struct ich7_spi_regs' may result in an unaligned pointer value [-Waddress-of-packed-member]
  306 |                 cntlr.fpr = &ich7_spi->pbr[0];
      |                             ^~~~~~~~~~~~~~~~~
src/southbridge/intel/common/spi.c:315:32: warning: taking address of packed member of 'struct ich9_spi_regs' may result in an unaligned pointer value [-Waddress-of-packed-member]
  315 |                 cntlr.optype = &ich9_spi->optype;
      |                                ^~~~~~~~~~~~~~~~~
src/southbridge/intel/common/spi.c:316:30: warning: taking address of packed member of 'struct ich9_spi_regs' may result in an unaligned pointer value [-Waddress-of-packed-member]
  316 |                 cntlr.addr = &ich9_spi->faddr;
      |                              ^~~~~~~~~~~~~~~~
src/southbridge/intel/common/spi.c:321:30: warning: taking address of packed member of 'struct ich9_spi_regs' may result in an unaligned pointer value [-Waddress-of-packed-member]
  321 |                 cntlr.bbar = &ich9_spi->bbar;
      |                              ^~~~~~~~~~~~~~~
src/southbridge/intel/common/spi.c:322:31: warning: taking address of packed member of 'struct ich9_spi_regs' may result in an unaligned pointer value [-Waddress-of-packed-member]
  322 |                 cntlr.preop = &ich9_spi->preop;
      |                               ^~~~~~~~~~~~~~~~
src/southbridge/intel/common/spi.c:323:29: warning: taking address of packed member of 'struct ich9_spi_regs' may result in an unaligned pointer value [-Waddress-of-packed-member]
  323 |                 cntlr.fpr = &ich9_spi->pr[0];
      |                             ^~~~~~~~~~~~~~~~
    CC         bootblock/mainboard/lenovo/w541/static.o
    FMAP       w541-hotp-maximized/util/cbfstool/fmaptool -h w541-hotp-maximized/fmap_config.h w541-hotp-maximized/fmap.fmd w541-hotp-maximized/fmap.fmap
SUCCESS: Wrote 224 bytes to file 'w541-hotp-maximized/fmap.fmap' (and generated header)
The sections containing CBFSes are: COREBOOT
    AR         romstage/external/vboot_reference-romstage/vboot_fw.a
    GCC        ramstage/mainboard/lenovo/w541/gma-mainboard.o
building with libflashrom support
Package flashrom was not found in the pkg-config search path.
Perhaps you should add the directory containing `flashrom.pc'
to the PKG_CONFIG_PATH environment variable
No package 'flashrom' found
    AR         ramstage/external/vboot_reference-ramstage/vboot_fw.a
    BIND       ramstage/b__ramstage.adb
    AR         postcar/external/vboot_reference-postcar/vboot_fw.a
    CC         ramstage/lib/fmap.o
    CC         smm/lib/fmap.o
    CP         rmodules_x86_32/lib/rmodule.ld
    CP         ramstage/arch/x86/memlayout.ld
    CP         ramstage/lib/program.ld
    GCC        ramstage/b__ramstage.o
vboot SHA256 built with tight loops (slower, smaller code size)
Package libcrypto was not found in the pkg-config search path.
Perhaps you should add the directory containing `libcrypto.pc'
to the PKG_CONFIG_PATH environment variable
No package 'libcrypto' found
    CP         postcar/arch/x86/memlayout.ld
    CC         postcar/lib/fmap.o
    CC            firmware/2lib/2api.o
    CP         postcar/lib/program.ld
    CC            firmware/2lib/2auxfw_sync.o
    CC            firmware/2lib/2common.o
    CC            firmware/2lib/2context.o
    CC            firmware/2lib/2crc8.o
firmware/2lib/2context.c: In function 'vb2api_init':
firmware/2lib/2context.c:48:19: warning: taking address of packed member of 'struct vb2_shared_data' may result in an unaligned pointer value [-Waddress-of-packed-member]
   48 |         *ctxptr = &sd->ctx;
      |                   ^~~~~~~~
firmware/2lib/2context.c: In function 'vb2api_relocate':
firmware/2lib/2context.c:89:19: warning: taking address of packed member of 'struct vb2_shared_data' may result in an unaligned pointer value [-Waddress-of-packed-member]
   89 |         *ctxptr = &new_sd->ctx;
      |                   ^~~~~~~~~~~~
    CC            firmware/2lib/2crypto.o
    CC            firmware/2lib/2ec_sync.o
    CC            firmware/2lib/2firmware.o
    CP         bootblock/arch/x86/bootblock.ld
    CP         bootblock/arch/x86/car.ld
    CC            firmware/2lib/2gbb.o
    CC            firmware/2lib/2hmac.o
    CC            firmware/2lib/2kernel.o
    CC            firmware/2lib/2misc.o
    CC            firmware/2lib/2nvstorage.o
    CC            firmware/2lib/2packed_key.o
    CC            firmware/2lib/2recovery_reasons.o
    CC            firmware/2lib/2rsa.o
    CC            firmware/2lib/2secdata_firmware.o
    CC            firmware/2lib/2secdata_fwmp.o
    CC            firmware/2lib/2secdata_kernel.o
firmware/2lib/2secdata_kernel.c: In function 'vb2_secdata_kernel_set':
firmware/2lib/2secdata_kernel.c:237:36: warning: taking address of packed member of 'struct vb2_secdata_kernel_v0' may result in an unaligned pointer value [-Waddress-of-packed-member]
  237 |                 ptr = is_v0(ctx) ? &v0->kernel_versions : &v1->kernel_versions;
      |                                    ^~~~~~~~~~~~~~~~~~~~
    CC            firmware/2lib/2sha1.o
    CC            firmware/2lib/2sha256.o
    CC            firmware/2lib/2sha512.o
    CC            firmware/2lib/2sha_utility.o
    CC            firmware/2lib/2struct.o
    CP         bootblock/arch/x86/memlayout.ld
    CC         bootblock/arch/x86/walkcbfs.o
    CC         bootblock/lib/fmap.o
    CC            firmware/2lib/2stub_hwcrypto.o
    CC         bootblock/lib/master_header_pointer.o
    CP         bootblock/lib/program.ld
    CC            firmware/2lib/2tpm_bootmode.o
    CC            firmware/lib/cgptlib/cgptlib.o
    CC            firmware/lib/cgptlib/cgptlib_internal.o
    CC            firmware/lib/cgptlib/crc32.o
    CC            firmware/lib/gpt_misc.o
    CC+STRIP   src/lib/cbfs_master_header.c
    CC+STRIP   src/cpu/intel/fit/fit_table.c
    CC            firmware/lib/vboot_api_kernel.o
    CC            firmware/lib/vboot_kernel.o
    CC            firmware/lib20/api_kernel.o
    CP         romstage/arch/x86/car.ld
    CC            firmware/lib20/kernel.o
    CP         romstage/arch/x86/memlayout.ld
    CC         romstage/lib/fmap.o
    CP         romstage/lib/program.ld
    LINK       cbfs/fallback/postcar.debug
    OBJCOPY    ramstage/cpu/x86/smm/smmstub.manual
    OBJCOPY    ramstage/cpu/x86/sipi_vector.manual
    OBJCOPY    ramstage/cpu/x86/smm/smm.manual
    LINK       cbfs/fallback/romstage.debug
    CC         generated/ramstage.o
    RM            vboot_fw.a
    AR            vboot_fw.a
    AR         bootblock/external/vboot_reference-bootblock/vboot_fw.a
    LINK       cbfs/fallback/bootblock.debug
    OBJCOPY    cbfs/fallback/romstage.elf
    OBJCOPY    cbfs/fallback/bootblock.elf
    OBJCOPY    bootblock.raw.elf
    OBJCOPY    bootblock.raw.bin
    CC         cbfs/fallback/ramstage.debug
Created CBFS (capacity = 11992548 bytes)
    BOOTBLOCK
    CBFS       cbfs_master_header
    CBFS       fallback/romstage
    CBFS       cpu_microcode_blob.bin
    CBFS       intel_fit
    CBFS       fallback/ramstage
    CBFS       config
    CBFS       revision
    CBFS       build_info
    CBFS       fallback/dsdt.aml
    CBFS       cmos.default
    CBFS       vbt.bin
    CBFS       cmos_layout.bin
    CBFS       fallback/postcar
    CBFS       fallback/payload
    DD         Adding Intel Firmware Descriptor
    IFDTOOL    me.bin -> coreboot.pre
File w541-hotp-maximized/coreboot.pre is 12582912 bytes
File w541-hotp-maximized/me.bin is 122880 bytes
Adding w541-hotp-maximized/me.bin as the Intel ME section of w541-hotp-maximized/coreboot.pre
Writing new image to w541-hotp-maximized/coreboot.pre
    IFDTOOL    gbe.bin -> coreboot.pre
File w541-hotp-maximized/coreboot.pre is 12582912 bytes
File ../../blobs/w541/gbe.bin is 8192 bytes
Adding ../../blobs/w541/gbe.bin as the GbE section of w541-hotp-maximized/coreboot.pre
Writing new image to w541-hotp-maximized/coreboot.pre
    IFDTOOL    Unlocking Management Engine
File w541-hotp-maximized/coreboot.pre is 12582912 bytes
Writing new image to w541-hotp-maximized/coreboot.pre
    UPDATE-FIT set FIT pointer to table
    UPDATE-FIT Microcode
    CBFS       coreboot.rom

    FIT table:
    Index  Type                 Addr             Size    
         0 Microcode            0xff49aa70      0x00000000
         1 Microcode            0xff4a0670      0x00000000

    CBFSLAYOUT  coreboot.rom

This image contains the following sections that can be manipulated with this tool:

'RW_MRC_CACHE' (size 65536, offset 524288)
'COREBOOT' (CBFS, size 11992576, offset 590336)

It is possible to perform either the write action or the CBFS add/remove actions on every section listed above.
To see the image's read-only sections as well, rerun with the -w option.
    CBFSPRINT  coreboot.rom

FMAP REGION: COREBOOT
Name                           Offset     Type           Size   Comp
cbfs_master_header             0x0        cbfs header        32 none
fallback/romstage              0x80       stage           42792 none
cpu_microcode_blob.bin         0xa840     microcode       46080 none
intel_fit                      0x15c80    intel_fit          80 none
fallback/ramstage              0x15d00    stage          123534 LZMA (267584 decompressed)
config                         0x34000    raw              1090 none
revision                       0x34480    raw               724 none
build_info                     0x34780    raw               107 none
fallback/dsdt.aml              0x34840    raw             13906 none
cmos.default                   0x37ec0    cmos_default      256 none
vbt.bin                        0x38000    raw              1423 LZMA (4400 decompressed)
cmos_layout.bin                0x385c0    cmos_layout      1204 none
fallback/postcar               0x38ac0    stage           27856 none
fallback/payload               0x3f800    simple elf    7313410 none
(empty)                        0x739040   null          4394404 none
bootblock                      0xb69e00   bootblock       24512 none

Built lenovo/w541 (ThinkPad W541)
make[1]: Leaving directory '/home/user/heads/build/coreboot-4.13'
